<?xml version="1.0" encoding="UTF-8"?>
<!-- Generated by org.testng.reporters.JUnitXMLReporter -->
<testsuite hostname="inshivalis-2.local" ignored="0" name="login_tests" tests="3" failures="0" timestamp="06 Aug 2017 03:44:03 GMT" time="0.01" errors="0">
  <testcase name="@BeforeSuite verifyBeforeSuite" time="0.008" classname="login.LoginTestWithParam">
    <failure type="java.lang.NoClassDefFoundError" message="org/openqa/selenium/WebDriver">
      <![CDATA[java.lang.NoClassDefFoundError: org/openqa/selenium/WebDriver
	at login.LoginTestWithParam.verifyBeforeSuite(LoginTestWithParam.java:17)
Caused by: java.lang.ClassNotFoundException: org.openqa.selenium.WebDriver
	at java.net.URLClassLoader.findClass(URLClassLoader.java:381)
	at java.lang.ClassLoader.loadClass(ClassLoader.java:424)
	at sun.misc.Launcher$AppClassLoader.loadClass(Launcher.java:331)
	at java.lang.ClassLoader.loadClass(ClassLoader.java:357)
	... 19 more
... Removed 18 stack frames]]>
    </failure>
  </testcase> <!-- @BeforeSuite verifyBeforeSuite -->
  <testcase name="verifyValidLogIntoSpree" time="0.001" classname="login.LoginTestWithParam">
    <skipped/>
  </testcase> <!-- verifyValidLogIntoSpree -->
  <testcase name="verifyValidLogIntoSpreeWithDataProvider" time="0.0" classname="login.LoginTestWithParam">
    <skipped/>
  </testcase> <!-- verifyValidLogIntoSpreeWithDataProvider -->
  <testcase name="verifyValidLogIntoSpreeWithDataProvider" time="0.0" classname="login.LoginTestWithParam">
    <skipped/>
  </testcase> <!-- verifyValidLogIntoSpreeWithDataProvider -->
</testsuite> <!-- login_tests -->
