<?xml version="1.0" encoding="UTF-8"?>
<!-- Generated by org.testng.reporters.JUnitReportReporter -->
<testsuite skipped="3" hostname="inshivalis-2.local" name="login.LoginTestWithParam" tests="4" failures="0" timestamp="06 Aug 2017 03:44:03 GMT" time="0.009" errors="1">
  <testcase name="verifyBeforeSuite" time="0.008" classname="login.LoginTestWithParam">
    <error type="java.lang.NoClassDefFoundError" message="org/openqa/selenium/WebDriver">
      <![CDATA[java.lang.NoClassDefFoundError: org/openqa/selenium/WebDriver
	at login.LoginTestWithParam.verifyBeforeSuite(LoginTestWithParam.java:17)
	at sun.reflect.NativeMethodAccessorImpl.invoke0(Native Method)
	at sun.reflect.NativeMethodAccessorImpl.invoke(NativeMethodAccessorImpl.java:62)
	at sun.reflect.DelegatingMethodAccessorImpl.invoke(DelegatingMethodAccessorImpl.java:43)
	at java.lang.reflect.Method.invoke(Method.java:498)
	at org.testng.internal.MethodInvocationHelper.invokeMethod(MethodInvocationHelper.java:108)
	at org.testng.internal.Invoker.invokeConfigurationMethod(Invoker.java:523)
	at org.testng.internal.Invoker.invokeConfigurations(Invoker.java:224)
	at org.testng.internal.Invoker.invokeConfigurations(Invoker.java:146)
	at org.testng.SuiteRunner.privateRun(SuiteRunner.java:326)
	at org.testng.SuiteRunner.run(SuiteRunner.java:289)
	at org.testng.SuiteRunnerWorker.runSuite(SuiteRunnerWorker.java:52)
	at org.testng.SuiteRunnerWorker.run(SuiteRunnerWorker.java:86)
	at org.testng.TestNG.runSuitesSequentially(TestNG.java:1301)
	at org.testng.TestNG.runSuitesLocally(TestNG.java:1226)
	at org.testng.TestNG.runSuites(TestNG.java:1144)
	at org.testng.TestNG.run(TestNG.java:1115)
	at org.testng.TestNG.privateMain(TestNG.java:1442)
	at org.testng.TestNG.main(TestNG.java:1411)
Caused by: java.lang.ClassNotFoundException: org.openqa.selenium.WebDriver
	at java.net.URLClassLoader.findClass(URLClassLoader.java:381)
	at java.lang.ClassLoader.loadClass(ClassLoader.java:424)
	at sun.misc.Launcher$AppClassLoader.loadClass(Launcher.java:331)
	at java.lang.ClassLoader.loadClass(ClassLoader.java:357)
	... 19 more
]]>
    </error>
  </testcase> <!-- verifyBeforeSuite -->
  <testcase name="verifyValidLogIntoSpreeWithDataProvider" time="0.000" classname="login.LoginTestWithParam">
    <skipped/>
  </testcase> <!-- verifyValidLogIntoSpreeWithDataProvider -->
  <testcase name="verifyValidLogIntoSpree" time="0.001" classname="login.LoginTestWithParam">
    <skipped/>
  </testcase> <!-- verifyValidLogIntoSpree -->
  <testcase name="verifyValidLogIntoSpreeWithDataProvider" time="0.000" classname="login.LoginTestWithParam">
    <skipped/>
  </testcase> <!-- verifyValidLogIntoSpreeWithDataProvider -->
</testsuite> <!-- login.LoginTestWithParam -->
